Arguments: 
  /usr/local/bin/node /usr/local/bin/yarn add —dev prettier prettier-plugin-solidity

PATH: 
  /usr/local/bin:/usr/bin:/bin:/usr/sbin:/sbin

Yarn version: 
  1.22.19

Node version: 
  18.14.0

Platform: 
  darwin arm64

Trace: 
  TypeError [ERR_UNESCAPED_CHARACTERS]: https://registry.yarnpkg.com/—dev: Request path contains unescaped characters
      at new NodeError (node:internal/errors:399:5)
      at new ClientRequest (node:_http_client:184:13)
      at Object.request (node:https:360:10)
      at module.exports.Request.start (/usr/local/lib/node_modules/yarn/lib/cli.js:141452:32)
      at module.exports.Request.end (/usr/local/lib/node_modules/yarn/lib/cli.js:142211:10)
      at end (/usr/local/lib/node_modules/yarn/lib/cli.js:141265:14)
      at Immediate.<anonymous> (/usr/local/lib/node_modules/yarn/lib/cli.js:141279:7)
      at process.processImmediate (node:internal/timers:476:21)

npm manifest: 
  {
    "name": "soliditychallanges",
    "version": "1.0.0",
    "description": "",
    "main": "index.js",
    "scripts": {
      "test": "echo \"Error: no test specified\" && exit 1"
    },
    "keywords": [],
    "author": "",
    "license": "ISC",
    "devDependencies": {
      "@ethersproject/abi": "^5.4.7",
      "@ethersproject/providers": "^5.4.7",
      "@nomicfoundation/hardhat-chai-matchers": "^1.0.5",
      "@nomicfoundation/hardhat-network-helpers": "^1.0.0",
      "@nomicfoundation/hardhat-toolbox": "^2.0.0",
      "@nomiclabs/hardhat-ethers": "npm:hardhat-deploy-ethers",
      "@nomiclabs/hardhat-etherscan": "^3.0.0",
      "@typechain/ethers-v5": "^10.1.0",
      "@typechain/hardhat": "^6.1.2",
      "chai": "^4.2.0",
      "dotenv": "^16.0.3",
      "ethers": "^5.7.2",
      "fs": "^0.0.1-security",
      "hardhat": "^2.12.6",
      "hardhat-deploy": "^0.11.22",
      "hardhat-gas-reporter": "^1.0.9",
      "prettier": "^2.8.3",
      "prettier-plugin-solidity": "^1.1.1",
      "solidity-coverage": "^0.8.2",
      "typechain": "^8.1.0"
    }
  }

yarn manifest: 
  No manifest

Lockfile: 
  No lockfile
